Using pre-set license
Built from '2021.3/release' branch; Version is '2021.3.38f1 (7a2fa5d8d101) revision 8007589'; Using compiler version '192829333'; Build Type 'Release'
OS: 'Windows 10  (10.0.19045) 64bit Professional' Language: 'ru' Physical Memory: 16309 MB
BatchMode: 1, IsHumanControllingUs: 0, StartBugReporterOnCrash: 0, Is64bit: 1, IsPro: 1

COMMAND LINE ARGUMENTS:
C:\Program Files\Unity\Hub\Editor\2021.3.38f1\Editor\Unity.exe
-adb2
-batchMode
-noUpm
-name
AssetImportWorker2
-projectPath
C:/Users/z/AUNDEV/mushworld
-logFile
Logs/AssetImportWorker2.log
-srvPort
53021
Successfully changed project path to: C:/Users/z/AUNDEV/mushworld
C:/Users/z/AUNDEV/mushworld
[UnityMemory] Configuration Parameters - Can be set up in boot.config
    "memorysetup-bucket-allocator-granularity=16"
    "memorysetup-bucket-allocator-bucket-count=8"
    "memorysetup-bucket-allocator-block-size=33554432"
    "memorysetup-bucket-allocator-block-count=8"
    "memorysetup-main-allocator-block-size=16777216"
    "memorysetup-thread-allocator-block-size=16777216"
    "memorysetup-gfx-main-allocator-block-size=16777216"
    "memorysetup-gfx-thread-allocator-block-size=16777216"
    "memorysetup-cache-allocator-block-size=4194304"
    "memorysetup-typetree-allocator-block-size=2097152"
    "memorysetup-profiler-bucket-allocator-granularity=16"
    "memorysetup-profiler-bucket-allocator-bucket-count=8"
    "memorysetup-profiler-bucket-allocator-block-size=33554432"
    "memorysetup-profiler-bucket-allocator-block-count=8"
    "memorysetup-profiler-allocator-block-size=16777216"
    "memorysetup-profiler-editor-allocator-block-size=1048576"
    "memorysetup-temp-allocator-size-main=16777216"
    "memorysetup-job-temp-allocator-block-size=2097152"
    "memorysetup-job-temp-allocator-block-size-background=1048576"
    "memorysetup-job-temp-allocator-reduction-small-platforms=262144"
    "memorysetup-temp-allocator-size-background-worker=32768"
    "memorysetup-temp-allocator-size-job-worker=262144"
    "memorysetup-temp-allocator-size-preload-manager=33554432"
    "memorysetup-temp-allocator-size-nav-mesh-worker=65536"
    "memorysetup-temp-allocator-size-audio-worker=65536"
    "memorysetup-temp-allocator-size-cloud-worker=32768"
    "memorysetup-temp-allocator-size-gi-baking-worker=262144"
    "memorysetup-temp-allocator-size-gfx=262144"
Player connection [7184] Host "[IP] 192.168.0.14 [Port] 0 [Flags] 2 [Guid] 3132230392 [EditorId] 3132230392 [Version] 1048832 [Id] WindowsEditor(7,DESKTOP-8DOSFJ2) [Debug] 1 [PackageName] WindowsEditor [ProjectName] Editor" joined multi-casting on [225.0.0.222:54997]...

Player connection [7184] Host "[IP] 192.168.0.14 [Port] 0 [Flags] 2 [Guid] 3132230392 [EditorId] 3132230392 [Version] 1048832 [Id] WindowsEditor(7,DESKTOP-8DOSFJ2) [Debug] 1 [PackageName] WindowsEditor [ProjectName] Editor" joined alternative multi-casting on [225.0.0.222:34997]...

[Physics::Module] Initialized MultithreadedJobDispatcher with {0} workers.
Refreshing native plugins compatible for Editor in 87.37 ms, found 4 plugins.
Preloading 0 native plugins for Editor in 0.00 ms.
Initialize engine version: 2021.3.38f1 (7a2fa5d8d101)
[Subsystems] Discovering subsystems at path C:/Program Files/Unity/Hub/Editor/2021.3.38f1/Editor/Data/Resources/UnitySubsystems
[Subsystems] Discovering subsystems at path C:/Users/z/AUNDEV/mushworld/Assets
GfxDevice: creating device client; threaded=0; jobified=0
Direct3D:
    Version:  Direct3D 11.0 [level 11.1]
    Renderer: NVIDIA GeForce GTX 1650 (ID=0x1f82)
    Vendor:   NVIDIA
    VRAM:     3935 MB
    Driver:   32.0.15.6636
Initialize mono
Mono path[0] = 'C:/Program Files/Unity/Hub/Editor/2021.3.38f1/Editor/Data/Managed'
Mono path[1] = 'C:/Program Files/Unity/Hub/Editor/2021.3.38f1/Editor/Data/MonoBleedingEdge/lib/mono/unityjit-win32'
Mono config path = 'C:/Program Files/Unity/Hub/Editor/2021.3.38f1/Editor/Data/MonoBleedingEdge/etc'
Using monoOptions --debugger-agent=transport=dt_socket,embedding=1,server=y,suspend=n,address=127.0.0.1:56904
Begin MonoManager ReloadAssembly
Registering precompiled unity dll's ...
Register platform support module: C:/Program Files/Unity/Hub/Editor/2021.3.38f1/Editor/Data/PlaybackEngines/WebGLSupport/UnityEditor.WebGL.Extensions.dll
Register platform support module: C:/Program Files/Unity/Hub/Editor/2021.3.38f1/Editor/Data/PlaybackEngines/WindowsStandaloneSupport/UnityEditor.WindowsStandalone.Extensions.dll
Registered in 0.005988 seconds.
Native extension for WindowsStandalone target not found
Native extension for WebGL target not found
Refreshing native plugins compatible for Editor in 81.64 ms, found 4 plugins.
Preloading 0 native plugins for Editor in 0.00 ms.
Mono: successfully reloaded assembly
- Completed reload, in  0.569 seconds
Domain Reload Profiling:
	ReloadAssembly (570ms)
		BeginReloadAssembly (83ms)
			ExecutionOrderSort (0ms)
			DisableScriptedObjects (0ms)
			BackupInstance (0ms)
			ReleaseScriptingObjects (0ms)
			CreateAndSetChildDomain (1ms)
		EndReloadAssembly (400ms)
			LoadAssemblies (81ms)
			RebuildTransferFunctionScriptingTraits (0ms)
			SetupTypeCache (93ms)
			ReleaseScriptCaches (0ms)
			RebuildScriptCaches (24ms)
			SetupLoadedEditorAssemblies (247ms)
				LogAssemblyErrors (0ms)
				InitializePlatformSupportModulesInManaged (8ms)
				SetLoadedEditorAssemblies (0ms)
				RefreshPlugins (82ms)
				BeforeProcessingInitializeOnLoad (1ms)
				ProcessInitializeOnLoadAttributes (115ms)
				ProcessInitializeOnLoadMethodAttributes (41ms)
				AfterProcessingInitializeOnLoad (0ms)
				EditorAssembliesLoaded (0ms)
			ExecutionOrderSort2 (0ms)
			AwakeInstancesAfterBackupRestoration (0ms)
Platform modules already initialized, skipping
Registering precompiled user dll's ...
Registered in 0.007403 seconds.
Begin MonoManager ReloadAssembly
Native extension for WindowsStandalone target not found
Native extension for WebGL target not found
Refreshing native plugins compatible for Editor in 81.45 ms, found 4 plugins.
Preloading 0 native plugins for Editor in 0.00 ms.
Package Manager log level set to [2]
[Package Manager] Server::EnsureServerProcessIsRunning -- launch failed, reason: Unity was launched with the -noUpm command-line argument
[Package Manager] Cannot connect to Unity Package Manager local server
Mono: successfully reloaded assembly
- Completed reload, in  1.420 seconds
Domain Reload Profiling:
	ReloadAssembly (1421ms)
		BeginReloadAssembly (120ms)
			ExecutionOrderSort (0ms)
			DisableScriptedObjects (5ms)
			BackupInstance (0ms)
			ReleaseScriptingObjects (0ms)
			CreateAndSetChildDomain (19ms)
		EndReloadAssembly (1203ms)
			LoadAssemblies (94ms)
			RebuildTransferFunctionScriptingTraits (0ms)
			SetupTypeCache (225ms)
			ReleaseScriptCaches (1ms)
			RebuildScriptCaches (55ms)
			SetupLoadedEditorAssemblies (805ms)
				LogAssemblyErrors (0ms)
				InitializePlatformSupportModulesInManaged (5ms)
				SetLoadedEditorAssemblies (0ms)
				RefreshPlugins (82ms)
				BeforeProcessingInitializeOnLoad (87ms)
				ProcessInitializeOnLoadAttributes (595ms)
				ProcessInitializeOnLoadMethodAttributes (30ms)
				AfterProcessingInitializeOnLoad (6ms)
				EditorAssembliesLoaded (0ms)
			ExecutionOrderSort2 (0ms)
			AwakeInstancesAfterBackupRestoration (5ms)
Platform modules already initialized, skipping
========================================================================
Worker process is ready to serve import requests
Launched and connected shader compiler UnityShaderCompiler.exe after 0.03 seconds
Refreshing native plugins compatible for Editor in 0.84 ms, found 4 plugins.
Preloading 0 native plugins for Editor in 0.00 ms.
Unloading 4051 Unused Serialized files (Serialized files now loaded: 0)
Unloading 52 unused Assets / (119.8 KB). Loaded Objects now: 4511.
Memory consumption went from 154.8 MB to 154.7 MB.
Total: 4.318400 ms (FindLiveObjects: 0.583800 ms CreateObjectMapping: 0.131100 ms MarkObjects: 3.468600 ms  DeleteObjects: 0.133200 ms)

AssetImportParameters requested are different than current active one (requested -> active):
  custom:video-decoder-ogg-theora: a1e56fd34408186e4bbccfd4996cb3dc -> 
  custom:container-muxer-webm: aa71ff27fc2769a1b78a27578f13a17b -> 
  custom:container-demuxer-webm: 4f35f7cbe854078d1ac9338744f61a02 -> 
  custom:video-encoder-webm-vp8: eb34c28f22e8b96e1ab97ce403110664 -> 
  custom:CustomObjectIndexerAttribute: bc11b3a6c3213fcdd17b65e7da85e133 -> 
  custom:audio-encoder-webm-vorbis: bf7c407c2cedff20999df2af8eb42d56 -> 
  custom:framework-win-MediaFoundation: 216162199b28c13a410421893ffa2e32 -> 
  custom:SearchIndexIgnoredProperties: e643bd26f0fe6173181afceb89e7c659 -> 
  custom:container-demuxer-ogg: 62fdf1f143b41e24485cea50d1cbac27 -> 
  custom:video-decoder-webm-vp8: 9c59270c3fd7afecdb556c50c9e8de78 -> 
  custom:audio-decoder-ogg-vorbis: bf7c407c2cedff20999df2af8eb42d56 -> 
========================================================================
Received Import Request.
  Time since last request: 700493.155252 seconds.
  path: Assets/Textures/items/firefly.png
  artifactKey: Guid(7b77db06d2e15d649ad397e5f78b6257) Importer(815301076,1909f56bfc062723c751e8b465ee728b)
Number of updated assets reloaded before import = 0
Start importing Assets/Textures/items/firefly.png using Guid(7b77db06d2e15d649ad397e5f78b6257) Importer(815301076,1909f56bfc062723c751e8b465ee728b)  -> (artifact id: 'cb63adb8514c9f09a6a25cf25eb0c710') in 0.112079 seconds 
Number of asset objects unloaded after import = 3
========================================================================
Received Import Request.
  Time since last request: 0.000040 seconds.
  path: Assets/Textures/items/lemon.png
  artifactKey: Guid(7ff939c9746294246ba5de64b1f70872) Importer(815301076,1909f56bfc062723c751e8b465ee728b)
Number of updated assets reloaded before import = 0
Start importing Assets/Textures/items/lemon.png using Guid(7ff939c9746294246ba5de64b1f70872) Importer(815301076,1909f56bfc062723c751e8b465ee728b)  -> (artifact id: '4520f6f687d1008d7ef1d5cff932f51d') in 0.016581 seconds 
Number of asset objects unloaded after import = 3
========================================================================
Received Import Request.
  Time since last request: 0.000037 seconds.
  path: Assets/Textures/items/transformer.png
  artifactKey: Guid(1f6ea4e4f2e15ff4abdbfe1a9747cb65) Importer(815301076,1909f56bfc062723c751e8b465ee728b)
Number of updated assets reloaded before import = 0
Start importing Assets/Textures/items/transformer.png using Guid(1f6ea4e4f2e15ff4abdbfe1a9747cb65) Importer(815301076,1909f56bfc062723c751e8b465ee728b)  -> (artifact id: 'ec7ccb913f10a7831f125defad29c406') in 0.016131 seconds 
Number of asset objects unloaded after import = 3
========================================================================
Received Import Request.
  Time since last request: 0.000022 seconds.
  path: Assets/Textures/items/gm.png
  artifactKey: Guid(2ee21cc68e51a3b4f87a77c5855458a2) Importer(815301076,1909f56bfc062723c751e8b465ee728b)
Number of updated assets reloaded before import = 0
Start importing Assets/Textures/items/gm.png using Guid(2ee21cc68e51a3b4f87a77c5855458a2) Importer(815301076,1909f56bfc062723c751e8b465ee728b)  -> (artifact id: '5152ced603ec29f725077fe70e571f70') in 0.013863 seconds 
Number of asset objects unloaded after import = 3
========================================================================
Received Import Request.
  Time since last request: 44.324787 seconds.
  path: Assets/Resources/worldItems/titanium_shield.prefab
  artifactKey: Guid(e805156462b5de24f834c178b51b063d) Importer(815301076,1909f56bfc062723c751e8b465ee728b)
Number of updated assets reloaded before import = 0
Start importing Assets/Resources/worldItems/titanium_shield.prefab using Guid(e805156462b5de24f834c178b51b063d) Importer(815301076,1909f56bfc062723c751e8b465ee728b)  -> (artifact id: '08d433ea03f1dec5cc80462cac26dd60') in 0.048927 seconds 
Number of asset objects unloaded after import = 10
========================================================================
Received Import Request.
  Time since last request: 47.550708 seconds.
  path: Assets/Resources/worldItems/tomato 1.prefab
  artifactKey: Guid(8ae5957dbec3b5c498b15b90503980ef) Importer(815301076,1909f56bfc062723c751e8b465ee728b)
Number of updated assets reloaded before import = 0
Start importing Assets/Resources/worldItems/tomato 1.prefab using Guid(8ae5957dbec3b5c498b15b90503980ef) Importer(815301076,1909f56bfc062723c751e8b465ee728b)  -> (artifact id: 'd3368c1f7f83bcce1c2177b104f73239') in 0.013110 seconds 
Number of asset objects unloaded after import = 10
========================================================================
Received Import Request.
  Time since last request: 3.241646 seconds.
  path: Assets/Resources/worldItems/lava_ball.prefab
  artifactKey: Guid(8ae5957dbec3b5c498b15b90503980ef) Importer(815301076,1909f56bfc062723c751e8b465ee728b)
Number of updated assets reloaded before import = 0
Start importing Assets/Resources/worldItems/lava_ball.prefab using Guid(8ae5957dbec3b5c498b15b90503980ef) Importer(815301076,1909f56bfc062723c751e8b465ee728b)  -> (artifact id: 'cbd9f5281aeb8316486a04cca0fa5aa2') in 0.009743 seconds 
Number of asset objects unloaded after import = 10
========================================================================
Received Import Request.
  Time since last request: 6.142321 seconds.
  path: Assets/TextMesh Pro/Resources/Fonts & Materials/LiberationSans SDF - Fallback.asset
  artifactKey: Guid(2e498d1c8094910479dc3e1b768306a4) Importer(815301076,1909f56bfc062723c751e8b465ee728b)
Number of updated assets reloaded before import = 0
Start importing Assets/TextMesh Pro/Resources/Fonts & Materials/LiberationSans SDF - Fallback.asset using Guid(2e498d1c8094910479dc3e1b768306a4) Importer(815301076,1909f56bfc062723c751e8b465ee728b)  -> (artifact id: 'f1d68a3fd97d8adbb623b24b7c3c60d0') in 0.059875 seconds 
Number of asset objects unloaded after import = 6
========================================================================
Received Import Request.
  Time since last request: 27.123016 seconds.
  path: Assets/Textures/items/lava_ball.png
  artifactKey: Guid(6e7f4f085251f934b90044056de24c9f) Importer(815301076,1909f56bfc062723c751e8b465ee728b)
Number of updated assets reloaded before import = 0
Start importing Assets/Textures/items/lava_ball.png using Guid(6e7f4f085251f934b90044056de24c9f) Importer(815301076,1909f56bfc062723c751e8b465ee728b)  -> (artifact id: 'e52f865593fd4375891f5306ef7a0bbd') in 0.014665 seconds 
Number of asset objects unloaded after import = 3
========================================================================
Received Import Request.
  Time since last request: 19.278575 seconds.
  path: Assets/Textures/items/empty_chest.png
  artifactKey: Guid(7cc7467d9fbd51940a49893e25403f5a) Importer(815301076,1909f56bfc062723c751e8b465ee728b)
Number of updated assets reloaded before import = 0
Start importing Assets/Textures/items/empty_chest.png using Guid(7cc7467d9fbd51940a49893e25403f5a) Importer(815301076,1909f56bfc062723c751e8b465ee728b)  -> (artifact id: 'd33512a5435466658412c1a069591ec1') in 0.009627 seconds 
Number of asset objects unloaded after import = 3
========================================================================
Received Import Request.
  Time since last request: 0.000018 seconds.
  path: Assets/Textures/items/necklace.png
  artifactKey: Guid(3a523352d4d02f44ea2c25077f668ef2) Importer(815301076,1909f56bfc062723c751e8b465ee728b)
Number of updated assets reloaded before import = 0
Start importing Assets/Textures/items/necklace.png using Guid(3a523352d4d02f44ea2c25077f668ef2) Importer(815301076,1909f56bfc062723c751e8b465ee728b)  -> (artifact id: '8a2a4e47d0122cbf5c35dab912b05663') in 0.020345 seconds 
Number of asset objects unloaded after import = 3
========================================================================
Received Import Request.
  Time since last request: 0.000017 seconds.
  path: Assets/Textures/items/tea.png
  artifactKey: Guid(100a3bb70a6c2d8498322ac92b6dcd07) Importer(815301076,1909f56bfc062723c751e8b465ee728b)
Number of updated assets reloaded before import = 0
Start importing Assets/Textures/items/tea.png using Guid(100a3bb70a6c2d8498322ac92b6dcd07) Importer(815301076,1909f56bfc062723c751e8b465ee728b)  -> (artifact id: '9e003e308155782ac0233179601efca7') in 0.010362 seconds 
Number of asset objects unloaded after import = 3
========================================================================
Received Import Request.
  Time since last request: 0.000019 seconds.
  path: Assets/Textures/items/fork.png
  artifactKey: Guid(aded52b9f4c421c41b1130b4d45338e5) Importer(815301076,1909f56bfc062723c751e8b465ee728b)
Number of updated assets reloaded before import = 0
Start importing Assets/Textures/items/fork.png using Guid(aded52b9f4c421c41b1130b4d45338e5) Importer(815301076,1909f56bfc062723c751e8b465ee728b)  -> (artifact id: '5a67b9a2aa25150e8b371e05b26f0452') in 0.016254 seconds 
Number of asset objects unloaded after import = 3
========================================================================
Received Import Request.
  Time since last request: 0.000018 seconds.
  path: Assets/Textures/items/vacuum_cleaner.png
  artifactKey: Guid(8972d6b53bb2db84b9edc7aa51251e31) Importer(815301076,1909f56bfc062723c751e8b465ee728b)
Number of updated assets reloaded before import = 0
Start importing Assets/Textures/items/vacuum_cleaner.png using Guid(8972d6b53bb2db84b9edc7aa51251e31) Importer(815301076,1909f56bfc062723c751e8b465ee728b)  -> (artifact id: '2c3dc25f09a43c8877aebce307343fde') in 0.014148 seconds 
Number of asset objects unloaded after import = 3
========================================================================
Received Import Request.
  Time since last request: 0.000021 seconds.
  path: Assets/Textures/items/wires.png
  artifactKey: Guid(efce568c1e5b09e4bab1199079cc9be5) Importer(815301076,1909f56bfc062723c751e8b465ee728b)
Number of updated assets reloaded before import = 0
Start importing Assets/Textures/items/wires.png using Guid(efce568c1e5b09e4bab1199079cc9be5) Importer(815301076,1909f56bfc062723c751e8b465ee728b)  -> (artifact id: '501ceecb7d6303dea8bbe0973a1555c4') in 0.009485 seconds 
Number of asset objects unloaded after import = 3
========================================================================
Received Import Request.
  Time since last request: 0.000027 seconds.
  path: Assets/Textures/items/lemon.png
  artifactKey: Guid(7ff939c9746294246ba5de64b1f70872) Importer(815301076,1909f56bfc062723c751e8b465ee728b)
Number of updated assets reloaded before import = 0
Start importing Assets/Textures/items/lemon.png using Guid(7ff939c9746294246ba5de64b1f70872) Importer(815301076,1909f56bfc062723c751e8b465ee728b)  -> (artifact id: 'a8b6814d5f0e9fae06cd12d30e41ab58') in 0.008826 seconds 
Number of asset objects unloaded after import = 3
========================================================================
Received Import Request.
  Time since last request: 0.000013 seconds.
  path: Assets/Textures/items/transformer.png
  artifactKey: Guid(1f6ea4e4f2e15ff4abdbfe1a9747cb65) Importer(815301076,1909f56bfc062723c751e8b465ee728b)
Number of updated assets reloaded before import = 0
Start importing Assets/Textures/items/transformer.png using Guid(1f6ea4e4f2e15ff4abdbfe1a9747cb65) Importer(815301076,1909f56bfc062723c751e8b465ee728b)  -> (artifact id: '6ec68bea69f2caf808150c71fb53698a') in 0.011770 seconds 
Number of asset objects unloaded after import = 3
========================================================================
Received Import Request.
  Time since last request: 0.000021 seconds.
  path: Assets/Textures/items/gm.png
  artifactKey: Guid(2ee21cc68e51a3b4f87a77c5855458a2) Importer(815301076,1909f56bfc062723c751e8b465ee728b)
Number of updated assets reloaded before import = 0
Start importing Assets/Textures/items/gm.png using Guid(2ee21cc68e51a3b4f87a77c5855458a2) Importer(815301076,1909f56bfc062723c751e8b465ee728b)  -> (artifact id: 'f57550b7cc59092a6e079de6dcf03145') in 0.029897 seconds 
Number of asset objects unloaded after import = 3
========================================================================
Received Import Request.
  Time since last request: 17.041870 seconds.
  path: Assets/Resources/worldItems/lava_ball.prefab
  artifactKey: Guid(8ae5957dbec3b5c498b15b90503980ef) Importer(815301076,1909f56bfc062723c751e8b465ee728b)
Number of updated assets reloaded before import = 0
Start importing Assets/Resources/worldItems/lava_ball.prefab using Guid(8ae5957dbec3b5c498b15b90503980ef) Importer(815301076,1909f56bfc062723c751e8b465ee728b)  -> (artifact id: '9e9dceed0c395c6daed8516835bfe160') in 0.013475 seconds 
Number of asset objects unloaded after import = 10
========================================================================
Received Import Request.
  Time since last request: 4.705829 seconds.
  path: Assets/Resources/items/titanium_shield.prefab
  artifactKey: Guid(78138fbb41dd16c479f1affcf51d20e6) Importer(815301076,1909f56bfc062723c751e8b465ee728b)
Number of updated assets reloaded before import = 0
Start importing Assets/Resources/items/titanium_shield.prefab using Guid(78138fbb41dd16c479f1affcf51d20e6) Importer(815301076,1909f56bfc062723c751e8b465ee728b)  -> (artifact id: '68bc0625c0252f817c5689326c35d5b5') in 0.011444 seconds 
Number of asset objects unloaded after import = 8
========================================================================
Received Import Request.
  Time since last request: 1.711640 seconds.
  path: Assets/Resources/items/tomato 1.prefab
  artifactKey: Guid(3e4fc14ea2c3002458728c1bd78d3285) Importer(815301076,1909f56bfc062723c751e8b465ee728b)
Number of updated assets reloaded before import = 0
Start importing Assets/Resources/items/tomato 1.prefab using Guid(3e4fc14ea2c3002458728c1bd78d3285) Importer(815301076,1909f56bfc062723c751e8b465ee728b)  -> (artifact id: '7a9d14827e3aeeb890212c64ca27b564') in 0.003305 seconds 
Number of asset objects unloaded after import = 8
========================================================================
Received Import Request.
  Time since last request: 3.310274 seconds.
  path: Assets/Resources/items/lava_ball.prefab
  artifactKey: Guid(3e4fc14ea2c3002458728c1bd78d3285) Importer(815301076,1909f56bfc062723c751e8b465ee728b)
Number of updated assets reloaded before import = 0
Start importing Assets/Resources/items/lava_ball.prefab using Guid(3e4fc14ea2c3002458728c1bd78d3285) Importer(815301076,1909f56bfc062723c751e8b465ee728b)  -> (artifact id: 'ba3d3ad12cf329234df47faaef863d61') in 0.003219 seconds 
Number of asset objects unloaded after import = 8
========================================================================
Received Import Request.
  Time since last request: 5.582979 seconds.
  path: Assets/Textures/items/bag.png
  artifactKey: Guid(d101a7b2c30248c468b5ddd5ffe4f820) Importer(815301076,1909f56bfc062723c751e8b465ee728b)
Number of updated assets reloaded before import = 0
Start importing Assets/Textures/items/bag.png using Guid(d101a7b2c30248c468b5ddd5ffe4f820) Importer(815301076,1909f56bfc062723c751e8b465ee728b)  -> (artifact id: '5380e29ac69a8e4c9298feeb0cfe88a0') in 0.013389 seconds 
Number of asset objects unloaded after import = 3
========================================================================
Received Import Request.
  Time since last request: 0.000014 seconds.
  path: Assets/Textures/items/coal_fish.png
  artifactKey: Guid(743bef1a4f0dadf44b2fbf3d497f3d3f) Importer(815301076,1909f56bfc062723c751e8b465ee728b)
Number of updated assets reloaded before import = 0
Start importing Assets/Textures/items/coal_fish.png using Guid(743bef1a4f0dadf44b2fbf3d497f3d3f) Importer(815301076,1909f56bfc062723c751e8b465ee728b)  -> (artifact id: 'fa9d4bbc30284d3f36dc239c1133aa76') in 0.012721 seconds 
Number of asset objects unloaded after import = 3
========================================================================
Received Import Request.
  Time since last request: 0.000019 seconds.
  path: Assets/Textures/items/coal.png
  artifactKey: Guid(38be74501241a9646bdfca761e79f34a) Importer(815301076,1909f56bfc062723c751e8b465ee728b)
Number of updated assets reloaded before import = 0
Start importing Assets/Textures/items/coal.png using Guid(38be74501241a9646bdfca761e79f34a) Importer(815301076,1909f56bfc062723c751e8b465ee728b)  -> (artifact id: '33889f0427b3a34bd913e3efdb5848da') in 0.027390 seconds 
Number of asset objects unloaded after import = 3
========================================================================
Received Import Request.
  Time since last request: 0.000029 seconds.
  path: Assets/Textures/items/can.png
  artifactKey: Guid(4770a72f5497ed544878dff8bcddbcc2) Importer(815301076,1909f56bfc062723c751e8b465ee728b)
Number of updated assets reloaded before import = 0
Start importing Assets/Textures/items/can.png using Guid(4770a72f5497ed544878dff8bcddbcc2) Importer(815301076,1909f56bfc062723c751e8b465ee728b)  -> (artifact id: '316444dfff426e264784bd56a798814f') in 0.021695 seconds 
Number of asset objects unloaded after import = 3
========================================================================
Received Import Request.
  Time since last request: 0.000019 seconds.
  path: Assets/Textures/items/door_handle.png
  artifactKey: Guid(8ab55bfe76614af449ca4734b6c829eb) Importer(815301076,1909f56bfc062723c751e8b465ee728b)
Number of updated assets reloaded before import = 0
Start importing Assets/Textures/items/door_handle.png using Guid(8ab55bfe76614af449ca4734b6c829eb) Importer(815301076,1909f56bfc062723c751e8b465ee728b)  -> (artifact id: '01e2b78561b2b62dab7725644904371e') in 0.014544 seconds 
Number of asset objects unloaded after import = 3
========================================================================
Received Import Request.
  Time since last request: 40.684416 seconds.
  path: Assets/Resources/worldItems/tomato 1.prefab
  artifactKey: Guid(5143e7cadd8ffe24c843f90758bea120) Importer(815301076,1909f56bfc062723c751e8b465ee728b)
Number of updated assets reloaded before import = 0
Start importing Assets/Resources/worldItems/tomato 1.prefab using Guid(5143e7cadd8ffe24c843f90758bea120) Importer(815301076,1909f56bfc062723c751e8b465ee728b)  -> (artifact id: 'cb4717fb26a474e8208d6d9c1c2dbd91') in 0.007128 seconds 
Number of asset objects unloaded after import = 10
========================================================================
Received Import Request.
  Time since last request: 9.358668 seconds.
  path: Assets/Resources/worldItems/special_item.prefab
  artifactKey: Guid(5143e7cadd8ffe24c843f90758bea120) Importer(815301076,1909f56bfc062723c751e8b465ee728b)
Number of updated assets reloaded before import = 0
Start importing Assets/Resources/worldItems/special_item.prefab using Guid(5143e7cadd8ffe24c843f90758bea120) Importer(815301076,1909f56bfc062723c751e8b465ee728b)  -> (artifact id: '1b6478875d60ec1da60c0bd25cf98f6f') in 0.008294 seconds 
Number of asset objects unloaded after import = 10
========================================================================
Received Import Request.
  Time since last request: 22.069951 seconds.
  path: Assets/Resources/items/lava_ball.prefab
  artifactKey: Guid(3e4fc14ea2c3002458728c1bd78d3285) Importer(815301076,1909f56bfc062723c751e8b465ee728b)
Number of updated assets reloaded before import = 0
Start importing Assets/Resources/items/lava_ball.prefab using Guid(3e4fc14ea2c3002458728c1bd78d3285) Importer(815301076,1909f56bfc062723c751e8b465ee728b)  -> (artifact id: '1ca3c026d7f7f23e6df3c82f92205fd3') in 0.003517 seconds 
Number of asset objects unloaded after import = 8
========================================================================
Received Import Request.
  Time since last request: 69.358774 seconds.
  path: Assets/Resources/items/tomato 1.prefab
  artifactKey: Guid(0271be2822454ba4db58971ce55b6e9b) Importer(815301076,1909f56bfc062723c751e8b465ee728b)
Number of updated assets reloaded before import = 0
Start importing Assets/Resources/items/tomato 1.prefab using Guid(0271be2822454ba4db58971ce55b6e9b) Importer(815301076,1909f56bfc062723c751e8b465ee728b)  -> (artifact id: '92a04f9dccfeb33f9189f5d4d8529015') in 0.003704 seconds 
Number of asset objects unloaded after import = 8
========================================================================
Received Import Request.
  Time since last request: 11.122566 seconds.
  path: Assets/Resources/items/special_item.prefab
  artifactKey: Guid(0271be2822454ba4db58971ce55b6e9b) Importer(815301076,1909f56bfc062723c751e8b465ee728b)
Number of updated assets reloaded before import = 0
Start importing Assets/Resources/items/special_item.prefab using Guid(0271be2822454ba4db58971ce55b6e9b) Importer(815301076,1909f56bfc062723c751e8b465ee728b)  -> (artifact id: '0d12b51a6292e67aefa8f459f1cc4b1a') in 0.003324 seconds 
Number of asset objects unloaded after import = 8
